2025-09-13 08:46:40,469 - root - INFO - Overpass tiling: bbox=(41.82392116371259, -2.030439754871649, 43.38624212792713, 3.284694913285449) tile_size=0.5 approx_tiles=44
2025-09-13 08:46:40,469 - root - INFO - Overpass tile 1/44: (41.82392116371259, -2.030439754871649, 42.32392116371259, -1.530439754871649)
2025-09-13 08:46:40,469 - root - INFO - Overpass: POST https://overpass-api.de/api/interpreter
2025-09-13 08:46:42,495 - root - INFO - Overpass: success on https://overpass-api.de/api/interpreter (attempt 1) elements=5
2025-09-13 08:46:42,495 - root - INFO - Overpass tile 1: received 5 elements
2025-09-13 08:46:43,000 - root - INFO - Overpass tile 2/44: (41.82392116371259, -1.530439754871649, 42.32392116371259, -1.030439754871649)
2025-09-13 08:46:43,000 - root - INFO - Overpass: POST https://overpass-api.de/api/interpreter
2025-09-13 08:46:43,381 - root - INFO - Overpass: success on https://overpass-api.de/api/interpreter (attempt 1) elements=1
2025-09-13 08:46:43,381 - root - INFO - Overpass tile 2: received 1 elements
2025-09-13 08:46:43,883 - root - INFO - Overpass tile 3/44: (41.82392116371259, -1.030439754871649, 42.32392116371259, -0.5304397548716491)
2025-09-13 08:46:43,884 - root - INFO - Overpass: POST https://overpass-api.de/api/interpreter
2025-09-13 08:46:44,304 - root - INFO - Overpass: success on https://overpass-api.de/api/interpreter (attempt 1) elements=1
2025-09-13 08:46:44,305 - root - INFO - Overpass tile 3: received 1 elements
2025-09-13 08:46:44,810 - root - INFO - Overpass tile 4/44: (41.82392116371259, -0.5304397548716491, 42.32392116371259, -0.030439754871649072)
2025-09-13 08:46:44,810 - root - INFO - Overpass: POST https://overpass-api.de/api/interpreter
2025-09-13 08:46:45,377 - root - INFO - Overpass: success on https://overpass-api.de/api/interpreter (attempt 1) elements=1
2025-09-13 08:46:45,377 - root - INFO - Overpass tile 4: received 1 elements
2025-09-13 08:46:45,882 - root - INFO - Overpass tile 5/44: (41.82392116371259, -0.030439754871649072, 42.32392116371259, 0.46956024512835093)
2025-09-13 08:46:45,883 - root - INFO - Overpass: POST https://overpass-api.de/api/interpreter
2025-09-13 08:46:46,244 - root - INFO - Overpass: success on https://overpass-api.de/api/interpreter (attempt 1) elements=5
2025-09-13 08:46:46,244 - root - INFO - Overpass tile 5: received 5 elements
2025-09-13 08:46:46,749 - root - INFO - Overpass tile 6/44: (41.82392116371259, 0.46956024512835093, 42.32392116371259, 0.9695602451283509)
2025-09-13 08:46:46,749 - root - INFO - Overpass: POST https://overpass-api.de/api/interpreter
2025-09-13 08:46:47,280 - root - INFO - Overpass: success on https://overpass-api.de/api/interpreter (attempt 1) elements=1
2025-09-13 08:46:47,280 - root - INFO - Overpass tile 6: received 1 elements
2025-09-13 08:46:47,784 - root - INFO - Overpass tile 7/44: (41.82392116371259, 0.9695602451283509, 42.32392116371259, 1.469560245128351)
2025-09-13 08:46:47,784 - root - INFO - Overpass: POST https://overpass-api.de/api/interpreter
2025-09-13 08:46:48,372 - root - INFO - Overpass: success on https://overpass-api.de/api/interpreter (attempt 1) elements=0
2025-09-13 08:46:48,372 - root - INFO - Overpass tile 7: received 0 elements
2025-09-13 08:46:48,877 - root - INFO - Overpass tile 8/44: (41.82392116371259, 1.469560245128351, 42.32392116371259, 1.969560245128351)
2025-09-13 08:46:48,877 - root - INFO - Overpass: POST https://overpass-api.de/api/interpreter
2025-09-13 08:46:49,784 - root - INFO - Overpass: success on https://overpass-api.de/api/interpreter (attempt 1) elements=2
2025-09-13 08:46:49,785 - root - INFO - Overpass tile 8: received 2 elements
2025-09-13 08:46:50,288 - root - INFO - Overpass tile 9/44: (41.82392116371259, 1.969560245128351, 42.32392116371259, 2.469560245128351)
2025-09-13 08:46:50,289 - root - INFO - Overpass: POST https://overpass-api.de/api/interpreter
2025-09-13 08:46:50,881 - root - INFO - Overpass: success on https://overpass-api.de/api/interpreter (attempt 1) elements=5
2025-09-13 08:46:50,881 - root - INFO - Overpass tile 9: received 5 elements
2025-09-13 08:46:51,386 - root - INFO - Overpass tile 10/44: (41.82392116371259, 2.469560245128351, 42.32392116371259, 2.969560245128351)
2025-09-13 08:46:51,386 - root - INFO - Overpass: POST https://overpass-api.de/api/interpreter
2025-09-13 08:46:51,941 - root - INFO - Overpass: success on https://overpass-api.de/api/interpreter (attempt 1) elements=7
2025-09-13 08:46:51,941 - root - INFO - Overpass tile 10: received 7 elements
2025-09-13 08:46:52,446 - root - INFO - Overpass tile 11/44: (41.82392116371259, 2.969560245128351, 42.32392116371259, 3.284694913285449)
2025-09-13 08:46:52,447 - root - INFO - Overpass: POST https://overpass-api.de/api/interpreter
2025-09-13 08:46:52,812 - root - INFO - Overpass: success on https://overpass-api.de/api/interpreter (attempt 1) elements=6
2025-09-13 08:46:52,812 - root - INFO - Overpass tile 11: received 6 elements
2025-09-13 08:46:53,317 - root - INFO - Overpass tile 12/44: (42.32392116371259, -2.030439754871649, 42.82392116371259, -1.530439754871649)
2025-09-13 08:46:53,318 - root - INFO - Overpass: POST https://overpass-api.de/api/interpreter
2025-09-13 08:46:53,811 - root - INFO - Overpass: success on https://overpass-api.de/api/interpreter (attempt 1) elements=9
2025-09-13 08:46:53,811 - root - INFO - Overpass tile 12: received 9 elements
2025-09-13 08:46:54,316 - root - INFO - Overpass tile 13/44: (42.32392116371259, -1.530439754871649, 42.82392116371259, -1.030439754871649)
2025-09-13 08:46:54,317 - root - INFO - Overpass: POST https://overpass-api.de/api/interpreter
2025-09-13 08:46:54,630 - root - INFO - Overpass: success on https://overpass-api.de/api/interpreter (attempt 1) elements=2
2025-09-13 08:46:54,630 - root - INFO - Overpass tile 13: received 2 elements
2025-09-13 08:46:55,134 - root - INFO - Overpass tile 14/44: (42.32392116371259, -1.030439754871649, 42.82392116371259, -0.5304397548716491)
2025-09-13 08:46:55,134 - root - INFO - Overpass: POST https://overpass-api.de/api/interpreter
2025-09-13 08:46:55,518 - root - INFO - Overpass: success on https://overpass-api.de/api/interpreter (attempt 1) elements=1
2025-09-13 08:46:55,538 - root - INFO - Overpass tile 14: received 1 elements
2025-09-13 08:46:56,044 - root - INFO - Overpass tile 15/44: (42.32392116371259, -0.5304397548716491, 42.82392116371259, -0.030439754871649072)
2025-09-13 08:46:56,044 - root - INFO - Overpass: POST https://overpass-api.de/api/interpreter
2025-09-13 08:46:56,484 - root - INFO - Overpass: success on https://overpass-api.de/api/interpreter (attempt 1) elements=1
2025-09-13 08:46:56,484 - root - INFO - Overpass tile 15: received 1 elements
2025-09-13 08:46:56,989 - root - INFO - Overpass tile 16/44: (42.32392116371259, -0.030439754871649072, 42.82392116371259, 0.46956024512835093)
2025-09-13 08:46:56,989 - root - INFO - Overpass: POST https://overpass-api.de/api/interpreter
2025-09-13 08:46:57,502 - root - INFO - Overpass: success on https://overpass-api.de/api/interpreter (attempt 1) elements=1
2025-09-13 08:46:57,502 - root - INFO - Overpass tile 16: received 1 elements
2025-09-13 08:46:58,008 - root - INFO - Overpass tile 17/44: (42.32392116371259, 0.46956024512835093, 42.82392116371259, 0.9695602451283509)
2025-09-13 08:46:58,008 - root - INFO - Overpass: POST https://overpass-api.de/api/interpreter
2025-09-13 08:46:58,529 - root - INFO - Overpass: success on https://overpass-api.de/api/interpreter (attempt 1) elements=2
2025-09-13 08:46:58,529 - root - INFO - Overpass tile 17: received 2 elements
2025-09-13 08:46:59,034 - root - INFO - Overpass tile 18/44: (42.32392116371259, 0.9695602451283509, 42.82392116371259, 1.469560245128351)
2025-09-13 08:46:59,035 - root - INFO - Overpass: POST https://overpass-api.de/api/interpreter
2025-09-13 08:46:59,578 - root - INFO - Overpass: success on https://overpass-api.de/api/interpreter (attempt 1) elements=2
2025-09-13 08:46:59,578 - root - INFO - Overpass tile 18: received 2 elements
2025-09-13 08:47:00,083 - root - INFO - Overpass tile 19/44: (42.32392116371259, 1.469560245128351, 42.82392116371259, 1.969560245128351)
2025-09-13 08:47:00,084 - root - INFO - Overpass: POST https://overpass-api.de/api/interpreter
2025-09-13 08:47:00,688 - root - INFO - Overpass: success on https://overpass-api.de/api/interpreter (attempt 1) elements=10
2025-09-13 08:47:00,688 - root - INFO - Overpass tile 19: received 10 elements
2025-09-13 08:47:01,190 - root - INFO - Overpass tile 20/44: (42.32392116371259, 1.969560245128351, 42.82392116371259, 2.469560245128351)
2025-09-13 08:47:01,191 - root - INFO - Overpass: POST https://overpass-api.de/api/interpreter
2025-09-13 08:47:01,747 - root - INFO - Overpass: success on https://overpass-api.de/api/interpreter (attempt 1) elements=0
2025-09-13 08:47:01,747 - root - INFO - Overpass tile 20: received 0 elements
2025-09-13 08:47:02,251 - root - INFO - Overpass tile 21/44: (42.32392116371259, 2.469560245128351, 42.82392116371259, 2.969560245128351)
2025-09-13 08:47:02,251 - root - INFO - Overpass: POST https://overpass-api.de/api/interpreter
2025-09-13 08:47:03,198 - root - INFO - Overpass: success on https://overpass-api.de/api/interpreter (attempt 1) elements=4
2025-09-13 08:47:03,199 - root - INFO - Overpass tile 21: received 4 elements
2025-09-13 08:47:03,704 - root - INFO - Overpass tile 22/44: (42.32392116371259, 2.969560245128351, 42.82392116371259, 3.284694913285449)
2025-09-13 08:47:03,704 - root - INFO - Overpass: POST https://overpass-api.de/api/interpreter
2025-09-13 08:47:04,261 - root - INFO - Overpass: success on https://overpass-api.de/api/interpreter (attempt 1) elements=4
2025-09-13 08:47:04,261 - root - INFO - Overpass tile 22: received 4 elements
2025-09-13 08:47:04,766 - root - INFO - Overpass tile 23/44: (42.82392116371259, -2.030439754871649, 43.32392116371259, -1.530439754871649)
2025-09-13 08:47:04,766 - root - INFO - Overpass: POST https://overpass-api.de/api/interpreter
2025-09-13 08:47:05,486 - root - INFO - Overpass: success on https://overpass-api.de/api/interpreter (attempt 1) elements=10
2025-09-13 08:47:05,486 - root - INFO - Overpass tile 23: received 10 elements
2025-09-13 08:47:05,991 - root - INFO - Overpass tile 24/44: (42.82392116371259, -1.530439754871649, 43.32392116371259, -1.030439754871649)
2025-09-13 08:47:05,992 - root - INFO - Overpass: POST https://overpass-api.de/api/interpreter
2025-09-13 08:47:06,615 - root - INFO - Overpass: success on https://overpass-api.de/api/interpreter (attempt 1) elements=2
2025-09-13 08:47:06,615 - root - INFO - Overpass tile 24: received 2 elements
2025-09-13 08:47:07,117 - root - INFO - Overpass tile 25/44: (42.82392116371259, -1.030439754871649, 43.32392116371259, -0.5304397548716491)
2025-09-13 08:47:07,117 - root - INFO - Overpass: POST https://overpass-api.de/api/interpreter
2025-09-13 08:47:07,847 - root - INFO - Overpass: success on https://overpass-api.de/api/interpreter (attempt 1) elements=1
2025-09-13 08:47:07,847 - root - INFO - Overpass tile 25: received 1 elements
2025-09-13 08:47:08,351 - root - INFO - Overpass tile 26/44: (42.82392116371259, -0.5304397548716491, 43.32392116371259, -0.030439754871649072)
2025-09-13 08:47:08,351 - root - INFO - Overpass: POST https://overpass-api.de/api/interpreter
2025-09-13 08:47:09,535 - root - INFO - Overpass: success on https://overpass-api.de/api/interpreter (attempt 1) elements=4
2025-09-13 08:47:09,535 - root - INFO - Overpass tile 26: received 4 elements
2025-09-13 08:47:10,041 - root - INFO - Overpass tile 27/44: (42.82392116371259, -0.030439754871649072, 43.32392116371259, 0.46956024512835093)
2025-09-13 08:47:10,041 - root - INFO - Overpass: POST https://overpass-api.de/api/interpreter
2025-09-13 08:47:11,161 - root - INFO - Overpass: success on https://overpass-api.de/api/interpreter (attempt 1) elements=1
2025-09-13 08:47:11,162 - root - INFO - Overpass tile 27: received 1 elements
2025-09-13 08:47:11,664 - root - INFO - Overpass tile 28/44: (42.82392116371259, 0.46956024512835093, 43.32392116371259, 0.9695602451283509)
2025-09-13 08:47:11,664 - root - INFO - Overpass: POST https://overpass-api.de/api/interpreter
2025-09-13 08:47:12,282 - root - INFO - Overpass: success on https://overpass-api.de/api/interpreter (attempt 1) elements=1
2025-09-13 08:47:12,282 - root - INFO - Overpass tile 28: received 1 elements
2025-09-13 08:47:12,784 - root - INFO - Overpass tile 29/44: (42.82392116371259, 0.9695602451283509, 43.32392116371259, 1.469560245128351)
2025-09-13 08:47:12,784 - root - INFO - Overpass: POST https://overpass-api.de/api/interpreter
2025-09-13 08:47:13,581 - root - INFO - Overpass: success on https://overpass-api.de/api/interpreter (attempt 1) elements=1
2025-09-13 08:47:13,582 - root - INFO - Overpass tile 29: received 1 elements
2025-09-13 08:47:14,087 - root - INFO - Overpass tile 30/44: (42.82392116371259, 1.469560245128351, 43.32392116371259, 1.969560245128351)
2025-09-13 08:47:14,087 - root - INFO - Overpass: POST https://overpass-api.de/api/interpreter
2025-09-13 08:47:14,910 - root - INFO - Overpass: success on https://overpass-api.de/api/interpreter (attempt 1) elements=3
2025-09-13 08:47:14,910 - root - INFO - Overpass tile 30: received 3 elements
2025-09-13 08:47:15,415 - root - INFO - Overpass tile 31/44: (42.82392116371259, 1.969560245128351, 43.32392116371259, 2.469560245128351)
2025-09-13 08:47:15,415 - root - INFO - Overpass: POST https://overpass-api.de/api/interpreter
2025-09-13 08:47:16,857 - root - INFO - Overpass: success on https://overpass-api.de/api/interpreter (attempt 1) elements=2
2025-09-13 08:47:16,857 - root - INFO - Overpass tile 31: received 2 elements
2025-09-13 08:47:17,362 - root - INFO - Overpass tile 32/44: (42.82392116371259, 2.469560245128351, 43.32392116371259, 2.969560245128351)
2025-09-13 08:47:17,363 - root - INFO - Overpass: POST https://overpass-api.de/api/interpreter
2025-09-13 08:47:18,179 - root - INFO - Overpass: success on https://overpass-api.de/api/interpreter (attempt 1) elements=1
2025-09-13 08:47:18,179 - root - INFO - Overpass tile 32: received 1 elements
2025-09-13 08:47:18,685 - root - INFO - Overpass tile 33/44: (42.82392116371259, 2.969560245128351, 43.32392116371259, 3.284694913285449)
2025-09-13 08:47:18,686 - root - INFO - Overpass: POST https://overpass-api.de/api/interpreter
2025-09-13 08:47:19,272 - root - INFO - Overpass: success on https://overpass-api.de/api/interpreter (attempt 1) elements=1
2025-09-13 08:47:19,272 - root - INFO - Overpass tile 33: received 1 elements
2025-09-13 08:47:19,774 - root - INFO - Overpass tile 34/44: (43.32392116371259, -2.030439754871649, 43.38624212792713, -1.530439754871649)
2025-09-13 08:47:19,774 - root - INFO - Overpass: POST https://overpass-api.de/api/interpreter
2025-09-13 08:47:20,133 - root - INFO - Overpass: success on https://overpass-api.de/api/interpreter (attempt 1) elements=4
2025-09-13 08:47:20,133 - root - INFO - Overpass tile 34: received 4 elements
2025-09-13 08:47:20,638 - root - INFO - Overpass tile 35/44: (43.32392116371259, -1.530439754871649, 43.38624212792713, -1.030439754871649)
2025-09-13 08:47:20,639 - root - INFO - Overpass: POST https://overpass-api.de/api/interpreter
2025-09-13 08:47:20,931 - root - INFO - Overpass: success on https://overpass-api.de/api/interpreter (attempt 1) elements=0
2025-09-13 08:47:20,931 - root - INFO - Overpass tile 35: received 0 elements
2025-09-13 08:47:21,434 - root - INFO - Overpass tile 36/44: (43.32392116371259, -1.030439754871649, 43.38624212792713, -0.5304397548716491)
2025-09-13 08:47:21,434 - root - INFO - Overpass: POST https://overpass-api.de/api/interpreter
2025-09-13 08:47:24,188 - root - INFO - Overpass: success on https://overpass-api.de/api/interpreter (attempt 1) elements=0
2025-09-13 08:47:24,188 - root - INFO - Overpass tile 36: received 0 elements
2025-09-13 08:47:24,693 - root - INFO - Overpass tile 37/44: (43.32392116371259, -0.5304397548716491, 43.38624212792713, -0.030439754871649072)
2025-09-13 08:47:24,694 - root - INFO - Overpass: POST https://overpass-api.de/api/interpreter
2025-09-13 08:47:26,056 - root - INFO - Overpass: success on https://overpass-api.de/api/interpreter (attempt 1) elements=0
2025-09-13 08:47:26,057 - root - INFO - Overpass tile 37: received 0 elements
2025-09-13 08:47:26,557 - root - INFO - Overpass tile 38/44: (43.32392116371259, -0.030439754871649072, 43.38624212792713, 0.46956024512835093)
2025-09-13 08:47:26,557 - root - INFO - Overpass: POST https://overpass-api.de/api/interpreter
2025-09-13 08:47:26,956 - root - INFO - Overpass: success on https://overpass-api.de/api/interpreter (attempt 1) elements=0
2025-09-13 08:47:26,956 - root - INFO - Overpass tile 38: received 0 elements
2025-09-13 08:47:27,461 - root - INFO - Overpass tile 39/44: (43.32392116371259, 0.46956024512835093, 43.38624212792713, 0.9695602451283509)
2025-09-13 08:47:27,461 - root - INFO - Overpass: POST https://overpass-api.de/api/interpreter
2025-09-13 08:47:27,874 - root - INFO - Overpass: success on https://overpass-api.de/api/interpreter (attempt 1) elements=0
2025-09-13 08:47:27,875 - root - INFO - Overpass tile 39: received 0 elements
2025-09-13 08:47:28,380 - root - INFO - Overpass tile 40/44: (43.32392116371259, 0.9695602451283509, 43.38624212792713, 1.469560245128351)
2025-09-13 08:47:28,380 - root - INFO - Overpass: POST https://overpass-api.de/api/interpreter
2025-09-13 08:47:28,731 - root - INFO - Overpass: success on https://overpass-api.de/api/interpreter (attempt 1) elements=0
2025-09-13 08:47:28,732 - root - INFO - Overpass tile 40: received 0 elements
2025-09-13 08:47:29,234 - root - INFO - Overpass tile 41/44: (43.32392116371259, 1.469560245128351, 43.38624212792713, 1.969560245128351)
2025-09-13 08:47:29,234 - root - INFO - Overpass: POST https://overpass-api.de/api/interpreter
2025-09-13 08:47:30,288 - root - INFO - Overpass: success on https://overpass-api.de/api/interpreter (attempt 1) elements=1
2025-09-13 08:47:30,289 - root - INFO - Overpass tile 41: received 1 elements
2025-09-13 08:47:30,794 - root - INFO - Overpass tile 42/44: (43.32392116371259, 1.969560245128351, 43.38624212792713, 2.469560245128351)
2025-09-13 08:47:30,794 - root - INFO - Overpass: POST https://overpass-api.de/api/interpreter
2025-09-13 08:47:31,488 - root - INFO - Overpass: success on https://overpass-api.de/api/interpreter (attempt 1) elements=0
2025-09-13 08:47:31,488 - root - INFO - Overpass tile 42: received 0 elements
2025-09-13 08:47:31,993 - root - INFO - Overpass tile 43/44: (43.32392116371259, 2.469560245128351, 43.38624212792713, 2.969560245128351)
2025-09-13 08:47:31,994 - root - INFO - Overpass: POST https://overpass-api.de/api/interpreter
2025-09-13 08:47:32,458 - root - INFO - Overpass: success on https://overpass-api.de/api/interpreter (attempt 1) elements=0
2025-09-13 08:47:32,458 - root - INFO - Overpass tile 43: received 0 elements
2025-09-13 08:47:32,961 - root - INFO - Overpass tile 44/44: (43.32392116371259, 2.969560245128351, 43.38624212792713, 3.284694913285449)
2025-09-13 08:47:32,961 - root - INFO - Overpass: POST https://overpass-api.de/api/interpreter
2025-09-13 08:47:34,472 - root - INFO - Overpass: success on https://overpass-api.de/api/interpreter (attempt 1) elements=1
2025-09-13 08:47:34,472 - root - INFO - Overpass tile 44: received 1 elements
2025-09-13 08:47:34,978 - root - INFO - Overpass complete: total unique places 103
2025-09-13 08:47:35,089 - city_analysis.distance - INFO - Calculating distances using perimeter with bounds: (-2.030439754871649, 41.82392116371259, 3.284694913285449, 43.38624212792713)
2025-09-13 08:47:35,089 - city_analysis.distance - INFO - Distance calculation complete: 26 successful, 0 fallbacks, 0 errors
Skipping elevation enrichment (using only OSM/GeoNames data)
Wrote interactive map to /Users/grantduncan/Documents/coding/city_analysis_v2/outputs/pyrenees/pyrenees_cities_map.html
Wrote country-colored map to /Users/grantduncan/Documents/coding/city_analysis_v2/outputs/pyrenees/pyrenees_cities_country_map.html
Summary:
  total_places: 26
  with_population: 26
  missing_population: 0

Top 20 by population:
  Olot (FR) — pop 33,524 @ (42.1810,2.4901) [geonames], 0.0 km to Pyrenees
  Andorra la Vella (FR) — pop 20,430 @ (42.5078,1.5211) [geonames], 0.0 km to Pyrenees
  Oria (ES) — pop 17,842 @ (43.2554,-2.0187) [geonames], 0.0 km to Pyrenees
  Berga (FR) — pop 17,160 @ (42.1043,1.8463) [geonames], 0.0 km to Pyrenees
  Les Escaldes (AD) — pop 15,853 @ (42.5073,1.5341) [geonames], 0.0 km to Pyrenees
  Lourdes (FR) — pop 15,786 @ (43.0946,-0.0461) [geonames], 0.0 km to Pyrenees
  Jaca (FR) — pop 13,396 @ (42.5690,-0.5499) [geonames], 0.0 km to Pyrenees
  Andoain (FR) — pop 13,111 @ (43.2183,-2.0199) [osm], elev 69.0m, 0.0 km to Pyrenees
  La Seu d'Urgell (FR) — pop 12,041 @ (42.3588,1.4614) [geonames], 0.0 km to Pyrenees
  Encamp (AD) — pop 11,223 @ (42.5347,1.5801) [geonames], 0.0 km to Pyrenees
  Ripoll (FR) — pop 11,057 @ (42.2006,2.1903) [geonames], 0.0 km to Pyrenees
  Ansoáin / Antsoain (FR) — pop 10,573 @ (42.8338,-1.6397) [osm], 0.0 km to Pyrenees
  Sabiñánigo (FR) — pop 10,378 @ (42.5192,-0.3661) [geonames], 0.0 km to Pyrenees
  Foix (FR) — pop 9,860 @ (42.9654,1.6071) [geonames], 0.0 km to Pyrenees
  Bagnères-de-Bigorre (FR) — pop 8,967 @ (43.0650,0.1488) [geonames], 0.0 km to Pyrenees
  Puigcerdà (FR) — pop 8,845 @ (42.4316,1.9282) [geonames], 0.0 km to Pyrenees
  Sant Cristòfol de les Fonts (ES) — pop 8,791 @ (42.1696,2.4994) [geonames], 0.0 km to Pyrenees
  Ceret (FR) — pop 8,171 @ (42.4853,2.7480) [geonames], 0.0 km to Pyrenees
  Sant Julià de Lòria (FR) — pop 8,022 @ (42.4637,1.4913) [geonames], 0.0 km to Pyrenees
  Lavelanet (FR) — pop 7,382 @ (42.9327,1.8484) [geonames], 0.0 km to Pyrenees
